Analysis & Synthesis report for RISC15
Thu Oct 22 11:54:50 2015
Quartus II 32-bit Version 13.1.0 Build 162 10/23/2013 SJ Web Edition


---------------------
; Table of Contents ;
---------------------
  1. Legal Notice
  2. Analysis & Synthesis Summary
  3. Analysis & Synthesis Settings
  4. Parallel Compilation
  5. Analysis & Synthesis Source Files Read
  6. Analysis & Synthesis Resource Usage Summary
  7. Analysis & Synthesis Resource Utilization by Entity
  8. User-Specified and Inferred Latches
  9. Registers Removed During Synthesis
 10. General Register Statistics
 11. Multiplexer Restructuring Statistics (Restructuring Performed)
 12. Parameter Settings for User Entity Instance: controller:__controller
 13. Port Connectivity Checks: "datapath:__datapath|mux_1_4:__Mux8_memwrite"
 14. Port Connectivity Checks: "datapath:__datapath|mux_3_4:__Mux5_RF_read2"
 15. Port Connectivity Checks: "datapath:__datapath|mux_3_8:__Mux4_RF_wadd"
 16. Port Connectivity Checks: "datapath:__datapath|mux_1_4:__Mux3_RF_wen"
 17. Port Connectivity Checks: "datapath:__datapath|mux_16_8:__Mux2_alu_A"
 18. Port Connectivity Checks: "datapath:__datapath|mux_16_8:__Mux1_alu_B"
 19. Port Connectivity Checks: "datapath:__datapath|reg16:__tmpA"
 20. Port Connectivity Checks: "datapath:__datapath|T1reg16:__T1"
 21. Port Connectivity Checks: "datapath:__datapath|reg16:__IR"
 22. Port Connectivity Checks: "datapath:__datapath|reg16_file:__RF"
 23. Port Connectivity Checks: "datapath:__datapath"
 24. Analysis & Synthesis Messages
 25. Analysis & Synthesis Suppressed Messages



----------------
; Legal Notice ;
----------------
Copyright (C) 1991-2013 Altera Corporation
Your use of Altera Corporation's design tools, logic functions 
and other software and tools, and its AMPP partner logic 
functions, and any output files from any of the foregoing 
(including device programming or simulation files), and any 
associated documentation or information are expressly subject 
to the terms and conditions of the Altera Program License 
Subscription Agreement, Altera MegaCore Function License 
Agreement, or other applicable license agreement, including, 
without limitation, that your use is for the sole purpose of 
programming logic devices manufactured by Altera and sold by 
Altera or its authorized distributors.  Please refer to the 
applicable agreement for further details.



+--------------------------------------------------------------------------+
; Analysis & Synthesis Summary                                             ;
+-----------------------------+--------------------------------------------+
; Analysis & Synthesis Status ; Successful - Thu Oct 22 11:54:50 2015      ;
; Quartus II 32-bit Version   ; 13.1.0 Build 162 10/23/2013 SJ Web Edition ;
; Revision Name               ; RISC15                                     ;
; Top-level Entity Name       ; RISC15                                     ;
; Family                      ; MAX V                                      ;
; Total logic elements        ; 1,615                                      ;
; Total pins                  ; 8                                          ;
; Total virtual pins          ; 0                                          ;
; UFM blocks                  ; 0 / 1 ( 0 % )                              ;
+-----------------------------+--------------------------------------------+


+----------------------------------------------------------------------------------------------------------------------+
; Analysis & Synthesis Settings                                                                                        ;
+----------------------------------------------------------------------------+--------------------+--------------------+
; Option                                                                     ; Setting            ; Default Value      ;
+----------------------------------------------------------------------------+--------------------+--------------------+
; Device                                                                     ; 5M1270ZT144I5      ;                    ;
; Top-level entity name                                                      ; RISC15             ; RISC15             ;
; Family name                                                                ; MAX V              ; Cyclone IV GX      ;
; Use smart compilation                                                      ; Off                ; Off                ;
; Enable parallel Assembler and TimeQuest Timing Analyzer during compilation ; On                 ; On                 ;
; Enable compact report table                                                ; Off                ; Off                ;
; Restructure Multiplexers                                                   ; Auto               ; Auto               ;
; Create Debugging Nodes for IP Cores                                        ; Off                ; Off                ;
; Preserve fewer node names                                                  ; On                 ; On                 ;
; Disable OpenCore Plus hardware evaluation                                  ; Off                ; Off                ;
; Verilog Version                                                            ; Verilog_2001       ; Verilog_2001       ;
; VHDL Version                                                               ; VHDL_1993          ; VHDL_1993          ;
; State Machine Processing                                                   ; Auto               ; Auto               ;
; Safe State Machine                                                         ; Off                ; Off                ;
; Extract Verilog State Machines                                             ; On                 ; On                 ;
; Extract VHDL State Machines                                                ; On                 ; On                 ;
; Ignore Verilog initial constructs                                          ; Off                ; Off                ;
; Iteration limit for constant Verilog loops                                 ; 5000               ; 5000               ;
; Iteration limit for non-constant Verilog loops                             ; 250                ; 250                ;
; Add Pass-Through Logic to Inferred RAMs                                    ; On                 ; On                 ;
; Infer RAMs from Raw Logic                                                  ; On                 ; On                 ;
; Parallel Synthesis                                                         ; On                 ; On                 ;
; NOT Gate Push-Back                                                         ; On                 ; On                 ;
; Power-Up Don't Care                                                        ; On                 ; On                 ;
; Remove Redundant Logic Cells                                               ; Off                ; Off                ;
; Remove Duplicate Registers                                                 ; On                 ; On                 ;
; Ignore CARRY Buffers                                                       ; Off                ; Off                ;
; Ignore CASCADE Buffers                                                     ; Off                ; Off                ;
; Ignore GLOBAL Buffers                                                      ; Off                ; Off                ;
; Ignore ROW GLOBAL Buffers                                                  ; Off                ; Off                ;
; Ignore LCELL Buffers                                                       ; Off                ; Off                ;
; Ignore SOFT Buffers                                                        ; On                 ; On                 ;
; Limit AHDL Integers to 32 Bits                                             ; Off                ; Off                ;
; Optimization Technique                                                     ; Balanced           ; Balanced           ;
; Carry Chain Length                                                         ; 70                 ; 70                 ;
; Auto Carry Chains                                                          ; On                 ; On                 ;
; Auto Open-Drain Pins                                                       ; On                 ; On                 ;
; Perform WYSIWYG Primitive Resynthesis                                      ; Off                ; Off                ;
; Auto Shift Register Replacement                                            ; Auto               ; Auto               ;
; Allow Shift Register Merging across Hierarchies                            ; Auto               ; Auto               ;
; Auto Clock Enable Replacement                                              ; On                 ; On                 ;
; Allow Synchronous Control Signals                                          ; On                 ; On                 ;
; Force Use of Synchronous Clear Signals                                     ; Off                ; Off                ;
; Auto Resource Sharing                                                      ; Off                ; Off                ;
; Use LogicLock Constraints during Resource Balancing                        ; On                 ; On                 ;
; Ignore translate_off and synthesis_off directives                          ; Off                ; Off                ;
; Report Parameter Settings                                                  ; On                 ; On                 ;
; Report Source Assignments                                                  ; On                 ; On                 ;
; Report Connectivity Checks                                                 ; On                 ; On                 ;
; Ignore Maximum Fan-Out Assignments                                         ; Off                ; Off                ;
; Synchronization Register Chain Length                                      ; 2                  ; 2                  ;
; PowerPlay Power Optimization                                               ; Normal compilation ; Normal compilation ;
; HDL message level                                                          ; Level2             ; Level2             ;
; Suppress Register Optimization Related Messages                            ; Off                ; Off                ;
; Number of Removed Registers Reported in Synthesis Report                   ; 5000               ; 5000               ;
; Number of Swept Nodes Reported in Synthesis Report                         ; 5000               ; 5000               ;
; Number of Inverted Registers Reported in Synthesis Report                  ; 100                ; 100                ;
; Clock MUX Protection                                                       ; On                 ; On                 ;
; Block Design Naming                                                        ; Auto               ; Auto               ;
; Synthesis Effort                                                           ; Auto               ; Auto               ;
; Shift Register Replacement - Allow Asynchronous Clear Signal               ; On                 ; On                 ;
; Pre-Mapping Resynthesis Optimization                                       ; Off                ; Off                ;
; Analysis & Synthesis Message Level                                         ; Medium             ; Medium             ;
; Disable Register Merging Across Hierarchies                                ; Auto               ; Auto               ;
; Synthesis Seed                                                             ; 1                  ; 1                  ;
+----------------------------------------------------------------------------+--------------------+--------------------+


Parallel compilation was disabled, but you have multiple processors available. Enable parallel compilation to reduce compilation time.
+-------------------------------------+
; Parallel Compilation                ;
+----------------------------+--------+
; Processors                 ; Number ;
+----------------------------+--------+
; Number detected on machine ; 4      ;
; Maximum allowed            ; 1      ;
+----------------------------+--------+


+----------------------------------------------------------------------------------------------------------------------------------------------------------------------------------------------+
; Analysis & Synthesis Source Files Read                                                                                                                                                       ;
+----------------------------------+-----------------+------------------------+------------------------------------------------------------------------------------------------------+---------+
; File Name with User-Entered Path ; Used in Netlist ; File Type              ; File Name with Absolute Path                                                                         ; Library ;
+----------------------------------+-----------------+------------------------+------------------------------------------------------------------------------------------------------+---------+
; ../Registers/T1reg16.v           ; yes             ; User Verilog HDL File  ; /home/meetshah1995/Desktop/Dropbox/Third_Year/EE337/Multicycle-RISC15-Design/Registers/T1reg16.v     ;         ;
; ../RISC15.v                      ; yes             ; User Verilog HDL File  ; /home/meetshah1995/Desktop/Dropbox/Third_Year/EE337/Multicycle-RISC15-Design/RISC15.v                ;         ;
; ../Registers/reg16_file.v        ; yes             ; User Verilog HDL File  ; /home/meetshah1995/Desktop/Dropbox/Third_Year/EE337/Multicycle-RISC15-Design/Registers/reg16_file.v  ;         ;
; ../Registers/reg16.v             ; yes             ; User Verilog HDL File  ; /home/meetshah1995/Desktop/Dropbox/Third_Year/EE337/Multicycle-RISC15-Design/Registers/reg16.v       ;         ;
; ../Registers/CZ_reg.v            ; yes             ; User Verilog HDL File  ; /home/meetshah1995/Desktop/Dropbox/Third_Year/EE337/Multicycle-RISC15-Design/Registers/CZ_reg.v      ;         ;
; ../MUX/mux_16_8.v                ; yes             ; User Verilog HDL File  ; /home/meetshah1995/Desktop/Dropbox/Third_Year/EE337/Multicycle-RISC15-Design/MUX/mux_16_8.v          ;         ;
; ../MUX/mux_16_2.v                ; yes             ; User Verilog HDL File  ; /home/meetshah1995/Desktop/Dropbox/Third_Year/EE337/Multicycle-RISC15-Design/MUX/mux_16_2.v          ;         ;
; ../MUX/mux_3_8.v                 ; yes             ; User Verilog HDL File  ; /home/meetshah1995/Desktop/Dropbox/Third_Year/EE337/Multicycle-RISC15-Design/MUX/mux_3_8.v           ;         ;
; ../MUX/mux_3_4.v                 ; yes             ; User Verilog HDL File  ; /home/meetshah1995/Desktop/Dropbox/Third_Year/EE337/Multicycle-RISC15-Design/MUX/mux_3_4.v           ;         ;
; ../MUX/mux_1_8.v                 ; yes             ; User Verilog HDL File  ; /home/meetshah1995/Desktop/Dropbox/Third_Year/EE337/Multicycle-RISC15-Design/MUX/mux_1_8.v           ;         ;
; ../MUX/mux_1_4.v                 ; yes             ; User Verilog HDL File  ; /home/meetshah1995/Desktop/Dropbox/Third_Year/EE337/Multicycle-RISC15-Design/MUX/mux_1_4.v           ;         ;
; ../Misc/shift_7.v                ; yes             ; User Verilog HDL File  ; /home/meetshah1995/Desktop/Dropbox/Third_Year/EE337/Multicycle-RISC15-Design/Misc/shift_7.v          ;         ;
; ../Misc/imm_9.v                  ; yes             ; User Verilog HDL File  ; /home/meetshah1995/Desktop/Dropbox/Third_Year/EE337/Multicycle-RISC15-Design/Misc/imm_9.v            ;         ;
; ../Misc/imm_6.v                  ; yes             ; User Verilog HDL File  ; /home/meetshah1995/Desktop/Dropbox/Third_Year/EE337/Multicycle-RISC15-Design/Misc/imm_6.v            ;         ;
; ../Memory/memory.v               ; yes             ; User Verilog HDL File  ; /home/meetshah1995/Desktop/Dropbox/Third_Year/EE337/Multicycle-RISC15-Design/Memory/memory.v         ;         ;
; ../DEMUX/demux_8.v               ; yes             ; User Verilog HDL File  ; /home/meetshah1995/Desktop/Dropbox/Third_Year/EE337/Multicycle-RISC15-Design/DEMUX/demux_8.v         ;         ;
; ../Datapath/datapath.v           ; yes             ; User Verilog HDL File  ; /home/meetshah1995/Desktop/Dropbox/Third_Year/EE337/Multicycle-RISC15-Design/Datapath/datapath.v     ;         ;
; ../Controller/controller.v       ; yes             ; User Verilog HDL File  ; /home/meetshah1995/Desktop/Dropbox/Third_Year/EE337/Multicycle-RISC15-Design/Controller/controller.v ;         ;
; ../ALU/nand16.v                  ; yes             ; User Verilog HDL File  ; /home/meetshah1995/Desktop/Dropbox/Third_Year/EE337/Multicycle-RISC15-Design/ALU/nand16.v            ;         ;
; ../ALU/carry_generate.v          ; yes             ; User Verilog HDL File  ; /home/meetshah1995/Desktop/Dropbox/Third_Year/EE337/Multicycle-RISC15-Design/ALU/carry_generate.v    ;         ;
; ../ALU/alu.v                     ; yes             ; User Verilog HDL File  ; /home/meetshah1995/Desktop/Dropbox/Third_Year/EE337/Multicycle-RISC15-Design/ALU/alu.v               ;         ;
; ../ALU/add16.v                   ; yes             ; User Verilog HDL File  ; /home/meetshah1995/Desktop/Dropbox/Third_Year/EE337/Multicycle-RISC15-Design/ALU/add16.v             ;         ;
+----------------------------------+-----------------+------------------------+------------------------------------------------------------------------------------------------------+---------+


+-----------------------------------------------------+
; Analysis & Synthesis Resource Usage Summary         ;
+---------------------------------------------+-------+
; Resource                                    ; Usage ;
+---------------------------------------------+-------+
; Total logic elements                        ; 1615  ;
;     -- Combinational with no register       ; 882   ;
;     -- Register only                        ; 634   ;
;     -- Combinational with a register        ; 99    ;
;                                             ;       ;
; Logic element usage by number of LUT inputs ;       ;
;     -- 4 input functions                    ; 680   ;
;     -- 3 input functions                    ; 229   ;
;     -- 2 input functions                    ; 69    ;
;     -- 1 input functions                    ; 2     ;
;     -- 0 input functions                    ; 1     ;
;                                             ;       ;
; Logic elements by mode                      ;       ;
;     -- normal mode                          ; 1585  ;
;     -- arithmetic mode                      ; 30    ;
;     -- qfbk mode                            ; 0     ;
;     -- register cascade mode                ; 0     ;
;     -- synchronous clear/load mode          ; 23    ;
;     -- asynchronous clear/load mode         ; 0     ;
;                                             ;       ;
; Total registers                             ; 733   ;
; Total logic cells in carry chains           ; 32    ;
; I/O pins                                    ; 8     ;
; Maximum fan-out node                        ; clk   ;
; Maximum fan-out                             ; 733   ;
; Total fan-out                               ; 5653  ;
; Average fan-out                             ; 3.48  ;
+---------------------------------------------+-------+


+------------------------------------------------------------------------------------------------------------------------------------------------------------------------------------------------------------------------------------------------------------------------------+
; Analysis & Synthesis Resource Utilization by Entity                                                                                                                                                                                                                          ;
+---------------------------------------+-------------+--------------+------------+------+--------------+--------------+-------------------+------------------+-----------------+------------+------------------------------------------------------------------+--------------+
; Compilation Hierarchy Node            ; Logic Cells ; LC Registers ; UFM Blocks ; Pins ; Virtual Pins ; LUT-Only LCs ; Register-Only LCs ; LUT/Register LCs ; Carry Chain LCs ; Packed LCs ; Full Hierarchy Name                                              ; Library Name ;
+---------------------------------------+-------------+--------------+------------+------+--------------+--------------+-------------------+------------------+-----------------+------------+------------------------------------------------------------------+--------------+
; |RISC15                               ; 1615 (1)    ; 733          ; 0          ; 8    ; 0            ; 882 (1)      ; 634 (0)           ; 99 (0)           ; 32 (0)          ; 0 (0)      ; |RISC15                                                          ; work         ;
;    |controller:__controller|          ; 175 (175)   ; 29           ; 0          ; 0    ; 0            ; 146 (146)    ; 10 (10)           ; 19 (19)          ; 0 (0)           ; 0 (0)      ; |RISC15|controller:__controller                                  ; work         ;
;    |datapath:__datapath|              ; 543 (0)     ; 176          ; 0          ; 0    ; 0            ; 367 (0)      ; 160 (0)           ; 16 (0)           ; 32 (0)          ; 0 (0)      ; |RISC15|datapath:__datapath                                      ; work         ;
;       |CZ_reg:__CZ|                   ; 2 (2)       ; 0            ; 0          ; 0    ; 0            ; 2 (2)        ; 0 (0)             ; 0 (0)            ; 0 (0)           ; 0 (0)      ; |RISC15|datapath:__datapath|CZ_reg:__CZ                          ; work         ;
;       |T1reg16:__T1|                  ; 17 (17)     ; 16           ; 0          ; 0    ; 0            ; 1 (1)        ; 0 (0)             ; 16 (16)          ; 0 (0)           ; 0 (0)      ; |RISC15|datapath:__datapath|T1reg16:__T1                         ; work         ;
;       |alu:__alu|                     ; 67 (17)     ; 0            ; 0          ; 0    ; 0            ; 67 (17)      ; 0 (0)             ; 0 (0)            ; 32 (0)          ; 0 (0)      ; |RISC15|datapath:__datapath|alu:__alu                            ; work         ;
;          |add16:__add|                ; 31 (31)     ; 0            ; 0          ; 0    ; 0            ; 31 (31)      ; 0 (0)             ; 0 (0)            ; 16 (16)         ; 0 (0)      ; |RISC15|datapath:__datapath|alu:__alu|add16:__add                ; work         ;
;          |carry_generate:__carry_gen| ; 18 (18)     ; 0            ; 0          ; 0    ; 0            ; 18 (18)      ; 0 (0)             ; 0 (0)            ; 16 (16)         ; 0 (0)      ; |RISC15|datapath:__datapath|alu:__alu|carry_generate:__carry_gen ; work         ;
;          |nand16:__nand|              ; 1 (1)       ; 0            ; 0          ; 0    ; 0            ; 1 (1)        ; 0 (0)             ; 0 (0)            ; 0 (0)           ; 0 (0)      ; |RISC15|datapath:__datapath|alu:__alu|nand16:__nand              ; work         ;
;       |mux_16_2:__Mux6_RF_dataIn|     ; 16 (16)     ; 0            ; 0          ; 0    ; 0            ; 16 (16)      ; 0 (0)             ; 0 (0)            ; 0 (0)           ; 0 (0)      ; |RISC15|datapath:__datapath|mux_16_2:__Mux6_RF_dataIn            ; work         ;
;       |mux_16_2:__Mux9_memDataIn|     ; 31 (31)     ; 0            ; 0          ; 0    ; 0            ; 31 (31)      ; 0 (0)             ; 0 (0)            ; 0 (0)           ; 0 (0)      ; |RISC15|datapath:__datapath|mux_16_2:__Mux9_memDataIn            ; work         ;
;       |mux_16_8:__Mux1_alu_B|         ; 29 (29)     ; 0            ; 0          ; 0    ; 0            ; 29 (29)      ; 0 (0)             ; 0 (0)            ; 0 (0)           ; 0 (0)      ; |RISC15|datapath:__datapath|mux_16_8:__Mux1_alu_B                ; work         ;
;       |mux_16_8:__Mux2_alu_A|         ; 47 (47)     ; 0            ; 0          ; 0    ; 0            ; 47 (47)      ; 0 (0)             ; 0 (0)            ; 0 (0)           ; 0 (0)      ; |RISC15|datapath:__datapath|mux_16_8:__Mux2_alu_A                ; work         ;
;       |mux_1_4:__Mux3_RF_wen|         ; 3 (3)       ; 0            ; 0          ; 0    ; 0            ; 3 (3)        ; 0 (0)             ; 0 (0)            ; 0 (0)           ; 0 (0)      ; |RISC15|datapath:__datapath|mux_1_4:__Mux3_RF_wen                ; work         ;
;       |mux_1_8:__Mux7_RF_write|       ; 4 (4)       ; 0            ; 0          ; 0    ; 0            ; 4 (4)        ; 0 (0)             ; 0 (0)            ; 0 (0)           ; 0 (0)      ; |RISC15|datapath:__datapath|mux_1_8:__Mux7_RF_write              ; work         ;
;       |mux_3_4:__Mux5_RF_read2|       ; 3 (3)       ; 0            ; 0          ; 0    ; 0            ; 3 (3)        ; 0 (0)             ; 0 (0)            ; 0 (0)           ; 0 (0)      ; |RISC15|datapath:__datapath|mux_3_4:__Mux5_RF_read2              ; work         ;
;       |mux_3_8:__Mux4_RF_wadd|        ; 12 (12)     ; 0            ; 0          ; 0    ; 0            ; 12 (12)      ; 0 (0)             ; 0 (0)            ; 0 (0)           ; 0 (0)      ; |RISC15|datapath:__datapath|mux_3_8:__Mux4_RF_wadd               ; work         ;
;       |reg16:__IR|                    ; 16 (16)     ; 16           ; 0          ; 0    ; 0            ; 0 (0)        ; 16 (16)           ; 0 (0)            ; 0 (0)           ; 0 (0)      ; |RISC15|datapath:__datapath|reg16:__IR                           ; work         ;
;       |reg16:__tmpA|                  ; 16 (16)     ; 16           ; 0          ; 0    ; 0            ; 0 (0)        ; 16 (16)           ; 0 (0)            ; 0 (0)           ; 0 (0)      ; |RISC15|datapath:__datapath|reg16:__tmpA                         ; work         ;
;       |reg16_file:__RF|               ; 280 (8)     ; 128          ; 0          ; 0    ; 0            ; 152 (8)      ; 128 (0)           ; 0 (0)            ; 0 (0)           ; 0 (0)      ; |RISC15|datapath:__datapath|reg16_file:__RF                      ; work         ;
;          |mux_16_8:__mux1|            ; 80 (80)     ; 0            ; 0          ; 0    ; 0            ; 80 (80)      ; 0 (0)             ; 0 (0)            ; 0 (0)           ; 0 (0)      ; |RISC15|datapath:__datapath|reg16_file:__RF|mux_16_8:__mux1      ; work         ;
;          |mux_16_8:__mux2|            ; 64 (64)     ; 0            ; 0          ; 0    ; 0            ; 64 (64)      ; 0 (0)             ; 0 (0)            ; 0 (0)           ; 0 (0)      ; |RISC15|datapath:__datapath|reg16_file:__RF|mux_16_8:__mux2      ; work         ;
;          |reg16:r0|                   ; 16 (16)     ; 16           ; 0          ; 0    ; 0            ; 0 (0)        ; 16 (16)           ; 0 (0)            ; 0 (0)           ; 0 (0)      ; |RISC15|datapath:__datapath|reg16_file:__RF|reg16:r0             ; work         ;
;          |reg16:r1|                   ; 16 (16)     ; 16           ; 0          ; 0    ; 0            ; 0 (0)        ; 16 (16)           ; 0 (0)            ; 0 (0)           ; 0 (0)      ; |RISC15|datapath:__datapath|reg16_file:__RF|reg16:r1             ; work         ;
;          |reg16:r2|                   ; 16 (16)     ; 16           ; 0          ; 0    ; 0            ; 0 (0)        ; 16 (16)           ; 0 (0)            ; 0 (0)           ; 0 (0)      ; |RISC15|datapath:__datapath|reg16_file:__RF|reg16:r2             ; work         ;
;          |reg16:r3|                   ; 16 (16)     ; 16           ; 0          ; 0    ; 0            ; 0 (0)        ; 16 (16)           ; 0 (0)            ; 0 (0)           ; 0 (0)      ; |RISC15|datapath:__datapath|reg16_file:__RF|reg16:r3             ; work         ;
;          |reg16:r4|                   ; 16 (16)     ; 16           ; 0          ; 0    ; 0            ; 0 (0)        ; 16 (16)           ; 0 (0)            ; 0 (0)           ; 0 (0)      ; |RISC15|datapath:__datapath|reg16_file:__RF|reg16:r4             ; work         ;
;          |reg16:r5|                   ; 16 (16)     ; 16           ; 0          ; 0    ; 0            ; 0 (0)        ; 16 (16)           ; 0 (0)            ; 0 (0)           ; 0 (0)      ; |RISC15|datapath:__datapath|reg16_file:__RF|reg16:r5             ; work         ;
;          |reg16:r6|                   ; 16 (16)     ; 16           ; 0          ; 0    ; 0            ; 0 (0)        ; 16 (16)           ; 0 (0)            ; 0 (0)           ; 0 (0)      ; |RISC15|datapath:__datapath|reg16_file:__RF|reg16:r6             ; work         ;
;          |reg16:r7|                   ; 16 (16)     ; 16           ; 0          ; 0    ; 0            ; 0 (0)        ; 16 (16)           ; 0 (0)            ; 0 (0)           ; 0 (0)      ; |RISC15|datapath:__datapath|reg16_file:__RF|reg16:r7             ; work         ;
;    |memory:__mem|                     ; 896 (896)   ; 528          ; 0          ; 0    ; 0            ; 368 (368)    ; 464 (464)         ; 64 (64)          ; 0 (0)           ; 0 (0)      ; |RISC15|memory:__mem                                             ; work         ;
+---------------------------------------+-------------+--------------+------------+------+--------------+--------------+-------------------+------------------+-----------------+------------+------------------------------------------------------------------+--------------+
Note: For table entries with two numbers listed, the numbers in parentheses indicate the number of resources of the given type used by the specific entity alone. The numbers listed outside of parentheses indicate the total resources of the given type used by the specific entity and all of its sub-entities in the hierarchy.


+------------------------------------------------------------------------------------------------------------------------------+
; User-Specified and Inferred Latches                                                                                          ;
+--------------------------------------------------------------------+--------------------------------+------------------------+
; Latch Name                                                         ; Latch Enable Signal            ; Free of Timing Hazards ;
+--------------------------------------------------------------------+--------------------------------+------------------------+
; datapath:__datapath|CZ_reg:__CZ|C                                  ; controller:__controller|CZ_en  ; yes                    ;
; datapath:__datapath|CZ_reg:__CZ|Z                                  ; controller:__controller|CZ_en  ; yes                    ;
; datapath:__datapath|alu:__alu|carry_generate:__carry_gen|tmp_carry ; controller:__controller|ALU_op ; yes                    ;
; Number of user-specified and inferred latches = 3                  ;                                ;                        ;
+--------------------------------------------------------------------+--------------------------------+------------------------+
Note: All latches listed above may not be present at the end of synthesis due to various synthesis optimizations.


+--------------------------------------------------------------------------------+
; Registers Removed During Synthesis                                             ;
+---------------------------------------+----------------------------------------+
; Register name                         ; Reason for Removal                     ;
+---------------------------------------+----------------------------------------+
; controller:__controller|memread       ; Stuck at GND due to stuck port data_in ;
; Total Number of Removed Registers = 1 ;                                        ;
+---------------------------------------+----------------------------------------+


+------------------------------------------------------+
; General Register Statistics                          ;
+----------------------------------------------+-------+
; Statistic                                    ; Value ;
+----------------------------------------------+-------+
; Total registers                              ; 733   ;
; Number of registers using Synchronous Clear  ; 16    ;
; Number of registers using Synchronous Load   ; 12    ;
; Number of registers using Asynchronous Clear ; 0     ;
; Number of registers using Asynchronous Load  ; 0     ;
; Number of registers using Clock Enable       ; 702   ;
; Number of registers using Preset             ; 0     ;
+----------------------------------------------+-------+


+---------------------------------------------------------------------------------------------------------------------------------------------------------------------------------+
; Multiplexer Restructuring Statistics (Restructuring Performed)                                                                                                                  ;
+--------------------+-----------+---------------+----------------------+------------------------+------------+-------------------------------------------------------------------+
; Multiplexer Inputs ; Bus Width ; Baseline Area ; Area if Restructured ; Saving if Restructured ; Registered ; Example Multiplexer Output                                        ;
+--------------------+-----------+---------------+----------------------+------------------------+------------+-------------------------------------------------------------------+
; 3:1                ; 16 bits   ; 32 LEs        ; 16 LEs               ; 16 LEs                 ; Yes        ; |RISC15|memory:__mem|mem[2][1]                                    ;
; 3:1                ; 16 bits   ; 32 LEs        ; 16 LEs               ; 16 LEs                 ; Yes        ; |RISC15|memory:__mem|mem[1][4]                                    ;
; 3:1                ; 16 bits   ; 32 LEs        ; 16 LEs               ; 16 LEs                 ; Yes        ; |RISC15|memory:__mem|mem[0][2]                                    ;
; 3:1                ; 16 bits   ; 32 LEs        ; 16 LEs               ; 16 LEs                 ; Yes        ; |RISC15|datapath:__datapath|T1reg16:__T1|out[15]                  ;
; 32:1               ; 16 bits   ; 336 LEs       ; 336 LEs              ; 0 LEs                  ; Yes        ; |RISC15|memory:__mem|out[11]                                      ;
; 64:1               ; 3 bits    ; 126 LEs       ; 3 LEs                ; 123 LEs                ; Yes        ; |RISC15|controller:__controller|counter[0]                        ;
; 64:1               ; 6 bits    ; 252 LEs       ; 48 LEs               ; 204 LEs                ; Yes        ; |RISC15|controller:__controller|Mux2_alu_A[2]                     ;
; 64:1               ; 2 bits    ; 84 LEs        ; 6 LEs                ; 78 LEs                 ; Yes        ; |RISC15|controller:__controller|Mux5_RF_read2[0]                  ;
; 65:1               ; 2 bits    ; 86 LEs        ; 22 LEs               ; 64 LEs                 ; Yes        ; |RISC15|controller:__controller|Mux3_RF_wen[0]                    ;
; 65:1               ; 2 bits    ; 86 LEs        ; 16 LEs               ; 70 LEs                 ; Yes        ; |RISC15|controller:__controller|Mux4_RF_wadd[0]                   ;
; 4:1                ; 3 bits    ; 6 LEs         ; 6 LEs                ; 0 LEs                  ; No         ; |RISC15|datapath:__datapath|mux_3_4:__Mux5_RF_read2|Mux2          ;
; 8:1                ; 16 bits   ; 80 LEs        ; 80 LEs               ; 0 LEs                  ; No         ; |RISC15|datapath:__datapath|reg16_file:__RF|mux_16_8:__mux2|Mux12 ;
; 8:1                ; 3 bits    ; 15 LEs        ; 6 LEs                ; 9 LEs                  ; No         ; |RISC15|datapath:__datapath|mux_16_8:__Mux1_alu_B|Mux12           ;
; 8:1                ; 3 bits    ; 15 LEs        ; 12 LEs               ; 3 LEs                  ; No         ; |RISC15|datapath:__datapath|mux_16_8:__Mux1_alu_B|Mux13           ;
; 8:1                ; 16 bits   ; 80 LEs        ; 80 LEs               ; 0 LEs                  ; No         ; |RISC15|datapath:__datapath|reg16_file:__RF|mux_16_8:__mux1|Mux0  ;
; 8:1                ; 3 bits    ; 15 LEs        ; 9 LEs                ; 6 LEs                  ; No         ; |RISC15|datapath:__datapath|mux_3_8:__Mux4_RF_wadd|Mux1           ;
; 6:1                ; 4 bits    ; 16 LEs        ; 16 LEs               ; 0 LEs                  ; No         ; |RISC15|datapath:__datapath|mux_16_8:__Mux2_alu_A|Mux3            ;
; 6:1                ; 5 bits    ; 20 LEs        ; 15 LEs               ; 5 LEs                  ; No         ; |RISC15|datapath:__datapath|mux_16_8:__Mux2_alu_A|Mux14           ;
; 7:1                ; 2 bits    ; 8 LEs         ; 8 LEs                ; 0 LEs                  ; No         ; |RISC15|datapath:__datapath|mux_16_8:__Mux2_alu_A|Mux0            ;
+--------------------+-----------+---------------+----------------------+------------------------+------------+-------------------------------------------------------------------+


+----------------------------------------------------------------------+
; Parameter Settings for User Entity Instance: controller:__controller ;
+----------------+--------+--------------------------------------------+
; Parameter Name ; Value  ; Type                                       ;
+----------------+--------+--------------------------------------------+
; halt0          ; 111111 ; Unsigned Binary                            ;
+----------------+--------+--------------------------------------------+
Note: In order to hide this table in the UI and the text report file, please set the "Show Parameter Settings in Synthesis Report" option in "Analysis and Synthesis Settings -> More Settings" to "Off".


+-------------------------------------------------------------------------------------------------------------------------------------------------------------------------------------------------------------+
; Port Connectivity Checks: "datapath:__datapath|mux_1_4:__Mux8_memwrite"                                                                                                                                     ;
+------+--------+----------+----------------------------------------------------------------------------------------------------------------------------------------------------------------------------------+
; Port ; Type   ; Severity ; Details                                                                                                                                                                          ;
+------+--------+----------+----------------------------------------------------------------------------------------------------------------------------------------------------------------------------------+
; inp0 ; Input  ; Info     ; Stuck at GND                                                                                                                                                                     ;
; inp1 ; Input  ; Info     ; Stuck at VCC                                                                                                                                                                     ;
; inp3 ; Input  ; Warning  ; Input port expression (2 bits) is wider than the input port (1 bits) it drives.  The 1 most-significant bit(s) in the expression will be dangling if they have no other fanouts. ;
; sel  ; Input  ; Warning  ; Input port expression (1 bits) is smaller than the input port (2 bits) it drives.  Extra input bit(s) "sel[1..1]" will be connected to GND.                                      ;
; out  ; Output ; Warning  ; Declared by entity but not connected by instance. Logic that only feeds a dangling port will be removed.                                                                         ;
+------+--------+----------+----------------------------------------------------------------------------------------------------------------------------------------------------------------------------------+


+-------------------------------------------------------------------------+
; Port Connectivity Checks: "datapath:__datapath|mux_3_4:__Mux5_RF_read2" ;
+------+-------+----------+-----------------------------------------------+
; Port ; Type  ; Severity ; Details                                       ;
+------+-------+----------+-----------------------------------------------+
; inp2 ; Input ; Info     ; Stuck at VCC                                  ;
; inp3 ; Input ; Info     ; Stuck at GND                                  ;
+------+-------+----------+-----------------------------------------------+


+------------------------------------------------------------------------+
; Port Connectivity Checks: "datapath:__datapath|mux_3_8:__Mux4_RF_wadd" ;
+------+-------+----------+----------------------------------------------+
; Port ; Type  ; Severity ; Details                                      ;
+------+-------+----------+----------------------------------------------+
; inp3 ; Input ; Info     ; Stuck at VCC                                 ;
; inp5 ; Input ; Info     ; Stuck at GND                                 ;
; inp6 ; Input ; Info     ; Stuck at GND                                 ;
; inp7 ; Input ; Info     ; Stuck at GND                                 ;
+------+-------+----------+----------------------------------------------+


+-----------------------------------------------------------------------+
; Port Connectivity Checks: "datapath:__datapath|mux_1_4:__Mux3_RF_wen" ;
+------+-------+----------+---------------------------------------------+
; Port ; Type  ; Severity ; Details                                     ;
+------+-------+----------+---------------------------------------------+
; inp0 ; Input ; Info     ; Stuck at GND                                ;
; inp1 ; Input ; Info     ; Stuck at VCC                                ;
+------+-------+----------+---------------------------------------------+


+-----------------------------------------------------------------------+
; Port Connectivity Checks: "datapath:__datapath|mux_16_8:__Mux2_alu_A" ;
+-------------+-------+----------+--------------------------------------+
; Port        ; Type  ; Severity ; Details                              ;
+-------------+-------+----------+--------------------------------------+
; inp0        ; Input ; Info     ; Stuck at GND                         ;
; inp1[15..1] ; Input ; Info     ; Stuck at GND                         ;
; inp1[0]     ; Input ; Info     ; Stuck at VCC                         ;
; inp7        ; Input ; Info     ; Stuck at GND                         ;
+-------------+-------+----------+--------------------------------------+


+-----------------------------------------------------------------------+
; Port Connectivity Checks: "datapath:__datapath|mux_16_8:__Mux1_alu_B" ;
+-------------+-------+----------+--------------------------------------+
; Port        ; Type  ; Severity ; Details                              ;
+-------------+-------+----------+--------------------------------------+
; inp0        ; Input ; Info     ; Stuck at GND                         ;
; inp1[15..1] ; Input ; Info     ; Stuck at GND                         ;
; inp1[0]     ; Input ; Info     ; Stuck at VCC                         ;
; inp4[15..3] ; Input ; Info     ; Stuck at GND                         ;
; inp5        ; Input ; Info     ; Stuck at GND                         ;
; inp6        ; Input ; Info     ; Stuck at GND                         ;
; inp7        ; Input ; Info     ; Stuck at GND                         ;
+-------------+-------+----------+--------------------------------------+


+--------------------------------------------------------------+
; Port Connectivity Checks: "datapath:__datapath|reg16:__tmpA" ;
+-------+-------+----------+-----------------------------------+
; Port  ; Type  ; Severity ; Details                           ;
+-------+-------+----------+-----------------------------------+
; reset ; Input ; Info     ; Stuck at VCC                      ;
+-------+-------+----------+-----------------------------------+


+--------------------------------------------------------------+
; Port Connectivity Checks: "datapath:__datapath|T1reg16:__T1" ;
+-------+-------+----------+-----------------------------------+
; Port  ; Type  ; Severity ; Details                           ;
+-------+-------+----------+-----------------------------------+
; reset ; Input ; Info     ; Stuck at VCC                      ;
+-------+-------+----------+-----------------------------------+


+------------------------------------------------------------+
; Port Connectivity Checks: "datapath:__datapath|reg16:__IR" ;
+-------+-------+----------+---------------------------------+
; Port  ; Type  ; Severity ; Details                         ;
+-------+-------+----------+---------------------------------+
; reset ; Input ; Info     ; Stuck at VCC                    ;
+-------+-------+----------+---------------------------------+


+-----------------------------------------------------------------+
; Port Connectivity Checks: "datapath:__datapath|reg16_file:__RF" ;
+-------+-------+----------+--------------------------------------+
; Port  ; Type  ; Severity ; Details                              ;
+-------+-------+----------+--------------------------------------+
; reset ; Input ; Info     ; Stuck at VCC                         ;
+-------+-------+----------+--------------------------------------+


+------------------------------------------------------------------------------------------------------------------------+
; Port Connectivity Checks: "datapath:__datapath"                                                                        ;
+--------------+--------+----------+-------------------------------------------------------------------------------------+
; Port         ; Type   ; Severity ; Details                                                                             ;
+--------------+--------+----------+-------------------------------------------------------------------------------------+
; T1out[15..5] ; Output ; Info     ; Connected to dangling logic. Logic that only feeds a dangling port will be removed. ;
+--------------+--------+----------+-------------------------------------------------------------------------------------+


+-------------------------------+
; Analysis & Synthesis Messages ;
+-------------------------------+
Info: *******************************************************************
Info: Running Quartus II 32-bit Analysis & Synthesis
    Info: Version 13.1.0 Build 162 10/23/2013 SJ Web Edition
    Info: Processing started: Thu Oct 22 11:54:45 2015
Info: Command: quartus_map --read_settings_files=on --write_settings_files=off RISC15 -c RISC15
Warning (20028): Parallel compilation is not licensed and has been disabled
Info (12021): Found 1 design units, including 1 entities, in source file /home/meetshah1995/Desktop/Dropbox/Third_Year/EE337/Multicycle-RISC15-Design/Registers/T1reg16.v
    Info (12023): Found entity 1: T1reg16
Info (12021): Found 1 design units, including 1 entities, in source file /home/meetshah1995/Desktop/Dropbox/Third_Year/EE337/Multicycle-RISC15-Design/RISC15_test.v
    Info (12023): Found entity 1: RISC15_test
Info (12021): Found 1 design units, including 1 entities, in source file /home/meetshah1995/Desktop/Dropbox/Third_Year/EE337/Multicycle-RISC15-Design/RISC15.v
    Info (12023): Found entity 1: RISC15
Info (12021): Found 1 design units, including 1 entities, in source file /home/meetshah1995/Desktop/Dropbox/Third_Year/EE337/Multicycle-RISC15-Design/Registers/reg16_file.v
    Info (12023): Found entity 1: reg16_file
Info (12021): Found 1 design units, including 1 entities, in source file /home/meetshah1995/Desktop/Dropbox/Third_Year/EE337/Multicycle-RISC15-Design/Registers/reg16.v
    Info (12023): Found entity 1: reg16
Info (12021): Found 1 design units, including 1 entities, in source file /home/meetshah1995/Desktop/Dropbox/Third_Year/EE337/Multicycle-RISC15-Design/Registers/CZ_reg.v
    Info (12023): Found entity 1: CZ_reg
Info (12021): Found 1 design units, including 1 entities, in source file /home/meetshah1995/Desktop/Dropbox/Third_Year/EE337/Multicycle-RISC15-Design/MUX/mux_16_8.v
    Info (12023): Found entity 1: mux_16_8
Info (12021): Found 1 design units, including 1 entities, in source file /home/meetshah1995/Desktop/Dropbox/Third_Year/EE337/Multicycle-RISC15-Design/MUX/mux_16_2.v
    Info (12023): Found entity 1: mux_16_2
Info (12021): Found 1 design units, including 1 entities, in source file /home/meetshah1995/Desktop/Dropbox/Third_Year/EE337/Multicycle-RISC15-Design/MUX/mux_3_8.v
    Info (12023): Found entity 1: mux_3_8
Info (12021): Found 1 design units, including 1 entities, in source file /home/meetshah1995/Desktop/Dropbox/Third_Year/EE337/Multicycle-RISC15-Design/MUX/mux_3_4.v
    Info (12023): Found entity 1: mux_3_4
Info (12021): Found 1 design units, including 1 entities, in source file /home/meetshah1995/Desktop/Dropbox/Third_Year/EE337/Multicycle-RISC15-Design/MUX/mux_1_8.v
    Info (12023): Found entity 1: mux_1_8
Info (12021): Found 1 design units, including 1 entities, in source file /home/meetshah1995/Desktop/Dropbox/Third_Year/EE337/Multicycle-RISC15-Design/MUX/mux_1_4.v
    Info (12023): Found entity 1: mux_1_4
Info (12021): Found 1 design units, including 1 entities, in source file /home/meetshah1995/Desktop/Dropbox/Third_Year/EE337/Multicycle-RISC15-Design/Misc/shift_7.v
    Info (12023): Found entity 1: shift_7
Info (12021): Found 1 design units, including 1 entities, in source file /home/meetshah1995/Desktop/Dropbox/Third_Year/EE337/Multicycle-RISC15-Design/Misc/imm_9.v
    Info (12023): Found entity 1: imm_9
Info (12021): Found 1 design units, including 1 entities, in source file /home/meetshah1995/Desktop/Dropbox/Third_Year/EE337/Multicycle-RISC15-Design/Misc/imm_6.v
    Info (12023): Found entity 1: imm_6
Info (12021): Found 1 design units, including 1 entities, in source file /home/meetshah1995/Desktop/Dropbox/Third_Year/EE337/Multicycle-RISC15-Design/Memory/memory.v
    Info (12023): Found entity 1: memory
Info (12021): Found 1 design units, including 1 entities, in source file /home/meetshah1995/Desktop/Dropbox/Third_Year/EE337/Multicycle-RISC15-Design/DEMUX/demux_8.v
    Info (12023): Found entity 1: demux_8
Info (12021): Found 1 design units, including 1 entities, in source file /home/meetshah1995/Desktop/Dropbox/Third_Year/EE337/Multicycle-RISC15-Design/Datapath/datapath.v
    Info (12023): Found entity 1: datapath
Info (12021): Found 1 design units, including 1 entities, in source file /home/meetshah1995/Desktop/Dropbox/Third_Year/EE337/Multicycle-RISC15-Design/Controller/controller.v
    Info (12023): Found entity 1: controller
Info (12021): Found 1 design units, including 1 entities, in source file /home/meetshah1995/Desktop/Dropbox/Third_Year/EE337/Multicycle-RISC15-Design/ALU/nand16.v
    Info (12023): Found entity 1: nand16
Info (12021): Found 1 design units, including 1 entities, in source file /home/meetshah1995/Desktop/Dropbox/Third_Year/EE337/Multicycle-RISC15-Design/ALU/carry_generate.v
    Info (12023): Found entity 1: carry_generate
Info (12021): Found 1 design units, including 1 entities, in source file /home/meetshah1995/Desktop/Dropbox/Third_Year/EE337/Multicycle-RISC15-Design/ALU/alu.v
    Info (12023): Found entity 1: alu
Info (12021): Found 1 design units, including 1 entities, in source file /home/meetshah1995/Desktop/Dropbox/Third_Year/EE337/Multicycle-RISC15-Design/ALU/add16.v
    Info (12023): Found entity 1: add16
Warning (10236): Verilog HDL Implicit Net warning at RISC15.v(22): created implicit net for "T1write"
Info (12127): Elaborating entity "RISC15" for the top level hierarchy
Info (12128): Elaborating entity "controller" for hierarchy "controller:__controller"
Info (12128): Elaborating entity "datapath" for hierarchy "datapath:__datapath"
Info (12128): Elaborating entity "reg16_file" for hierarchy "datapath:__datapath|reg16_file:__RF"
Info (12128): Elaborating entity "demux_8" for hierarchy "datapath:__datapath|reg16_file:__RF|demux_8:__demux"
Warning (10230): Verilog HDL assignment warning at demux_8.v(8): truncated value with size 16 to match size of target (8)
Warning (10230): Verilog HDL assignment warning at demux_8.v(9): truncated value with size 16 to match size of target (8)
Warning (10230): Verilog HDL assignment warning at demux_8.v(10): truncated value with size 16 to match size of target (8)
Warning (10230): Verilog HDL assignment warning at demux_8.v(11): truncated value with size 16 to match size of target (8)
Warning (10230): Verilog HDL assignment warning at demux_8.v(12): truncated value with size 16 to match size of target (8)
Warning (10230): Verilog HDL assignment warning at demux_8.v(13): truncated value with size 16 to match size of target (8)
Warning (10230): Verilog HDL assignment warning at demux_8.v(14): truncated value with size 16 to match size of target (8)
Warning (10230): Verilog HDL assignment warning at demux_8.v(15): truncated value with size 16 to match size of target (8)
Info (12128): Elaborating entity "mux_16_8" for hierarchy "datapath:__datapath|reg16_file:__RF|mux_16_8:__mux1"
Info (12128): Elaborating entity "reg16" for hierarchy "datapath:__datapath|reg16_file:__RF|reg16:r0"
Info (12128): Elaborating entity "alu" for hierarchy "datapath:__datapath|alu:__alu"
Info (12128): Elaborating entity "carry_generate" for hierarchy "datapath:__datapath|alu:__alu|carry_generate:__carry_gen"
Warning (10240): Verilog HDL Always Construct warning at carry_generate.v(12): inferring latch(es) for variable "tmp_carry", which holds its previous value in one or more paths through the always construct
Warning (10240): Verilog HDL Always Construct warning at carry_generate.v(12): inferring latch(es) for variable "tmp_add", which holds its previous value in one or more paths through the always construct
Info (10041): Inferred latch for "tmp_carry" at carry_generate.v(12)
Info (12128): Elaborating entity "add16" for hierarchy "datapath:__datapath|alu:__alu|add16:__add"
Info (12128): Elaborating entity "nand16" for hierarchy "datapath:__datapath|alu:__alu|nand16:__nand"
Info (12128): Elaborating entity "CZ_reg" for hierarchy "datapath:__datapath|CZ_reg:__CZ"
Warning (10240): Verilog HDL Always Construct warning at CZ_reg.v(12): inferring latch(es) for variable "Z", which holds its previous value in one or more paths through the always construct
Warning (10240): Verilog HDL Always Construct warning at CZ_reg.v(12): inferring latch(es) for variable "C", which holds its previous value in one or more paths through the always construct
Info (10041): Inferred latch for "C" at CZ_reg.v(12)
Info (10041): Inferred latch for "Z" at CZ_reg.v(12)
Info (12128): Elaborating entity "T1reg16" for hierarchy "datapath:__datapath|T1reg16:__T1"
Info (12128): Elaborating entity "imm_6" for hierarchy "datapath:__datapath|imm_6:__imm6"
Info (12128): Elaborating entity "imm_9" for hierarchy "datapath:__datapath|imm_9:__imm9"
Info (12128): Elaborating entity "shift_7" for hierarchy "datapath:__datapath|shift_7:__shift7"
Info (12128): Elaborating entity "mux_1_4" for hierarchy "datapath:__datapath|mux_1_4:__Mux3_RF_wen"
Info (12128): Elaborating entity "mux_3_8" for hierarchy "datapath:__datapath|mux_3_8:__Mux4_RF_wadd"
Info (12128): Elaborating entity "mux_3_4" for hierarchy "datapath:__datapath|mux_3_4:__Mux5_RF_read2"
Info (12128): Elaborating entity "mux_16_2" for hierarchy "datapath:__datapath|mux_16_2:__Mux6_RF_dataIn"
Info (12128): Elaborating entity "mux_1_8" for hierarchy "datapath:__datapath|mux_1_8:__Mux7_RF_write"
Info (12128): Elaborating entity "memory" for hierarchy "memory:__mem"
Warning (12241): 1 hierarchies have connectivity warnings - see the Connectivity Checks report folder
Info (21057): Implemented 1623 device resources after synthesis - the final resource count might be different
    Info (21058): Implemented 2 input pins
    Info (21059): Implemented 6 output pins
    Info (21061): Implemented 1615 logic cells
Info (144001): Generated suppressed messages file /home/meetshah1995/Desktop/Dropbox/Third_Year/EE337/Multicycle-RISC15-Design/simulation/output_files/RISC15.map.smsg
Info: Quartus II 32-bit Analysis & Synthesis was successful. 0 errors, 15 warnings
    Info: Peak virtual memory: 368 megabytes
    Info: Processing ended: Thu Oct 22 11:54:50 2015
    Info: Elapsed time: 00:00:05
    Info: Total CPU time (on all processors): 00:00:04


+------------------------------------------+
; Analysis & Synthesis Suppressed Messages ;
+------------------------------------------+
The suppressed messages can be found in /home/meetshah1995/Desktop/Dropbox/Third_Year/EE337/Multicycle-RISC15-Design/simulation/output_files/RISC15.map.smsg.


